[0.007s] Invoking command in '/home/nithish/ROS/mujoco_robot_ws/build/ur5_moveit_config': CMAKE_PREFIX_PATH=${CMAKE_PREFIX_PATH}:/opt/ros/jazzy DEBUGINFOD_URLS=https://debuginfod.ubuntu.com /usr/bin/cmake /home/nithish/ROS/mujoco_robot_ws/src/ur5_moveit_config -DCMAKE_INSTALL_PREFIX=/home/nithish/ROS/mujoco_robot_ws/install/ur5_moveit_config
[0.048s] -- The C compiler identification is GNU 13.3.0
[0.090s] -- The CXX compiler identification is GNU 13.3.0
[0.101s] -- Detecting C compiler ABI info
[0.162s] -- Detecting C compiler ABI info - done
[0.169s] -- Check for working C compiler: /usr/bin/cc - skipped
[0.169s] -- Detecting C compile features
[0.169s] -- Detecting C compile features - done
[0.177s] -- Detecting CXX compiler ABI info
[0.243s] -- Detecting CXX compiler ABI info - done
[0.249s] -- Check for working CXX compiler: /usr/bin/c++ - skipped
[0.249s] -- Detecting CXX compile features
[0.250s] -- Detecting CXX compile features - done
[0.253s] -- Found ament_cmake: 2.5.5 (/opt/ros/jazzy/share/ament_cmake/cmake)
[0.363s] -- Found Python3: /usr/bin/python3 (found version "3.12.3") found components: Interpreter 
[0.514s] -- Configuring done (0.5s)
[0.516s] -- Generating done (0.0s)
[0.517s] -- Build files have been written to: /home/nithish/ROS/mujoco_robot_ws/build/ur5_moveit_config
[0.520s] Invoked command in '/home/nithish/ROS/mujoco_robot_ws/build/ur5_moveit_config' returned '0': CMAKE_PREFIX_PATH=${CMAKE_PREFIX_PATH}:/opt/ros/jazzy DEBUGINFOD_URLS=https://debuginfod.ubuntu.com /usr/bin/cmake /home/nithish/ROS/mujoco_robot_ws/src/ur5_moveit_config -DCMAKE_INSTALL_PREFIX=/home/nithish/ROS/mujoco_robot_ws/install/ur5_moveit_config
[0.521s] Invoking command in '/home/nithish/ROS/mujoco_robot_ws/build/ur5_moveit_config': CMAKE_PREFIX_PATH=${CMAKE_PREFIX_PATH}:/opt/ros/jazzy DEBUGINFOD_URLS=https://debuginfod.ubuntu.com /usr/bin/cmake --build /home/nithish/ROS/mujoco_robot_ws/build/ur5_moveit_config -- -j8 -l8
[0.552s] Invoked command in '/home/nithish/ROS/mujoco_robot_ws/build/ur5_moveit_config' returned '0': CMAKE_PREFIX_PATH=${CMAKE_PREFIX_PATH}:/opt/ros/jazzy DEBUGINFOD_URLS=https://debuginfod.ubuntu.com /usr/bin/cmake --build /home/nithish/ROS/mujoco_robot_ws/build/ur5_moveit_config -- -j8 -l8
[0.552s] Invoking command in '/home/nithish/ROS/mujoco_robot_ws/build/ur5_moveit_config': CMAKE_PREFIX_PATH=${CMAKE_PREFIX_PATH}:/opt/ros/jazzy DEBUGINFOD_URLS=https://debuginfod.ubuntu.com /usr/bin/cmake --install /home/nithish/ROS/mujoco_robot_ws/build/ur5_moveit_config
[0.558s] -- Install configuration: ""
[0.558s] -- Installing: /home/nithish/ROS/mujoco_robot_ws/install/ur5_moveit_config/share/ament_index/resource_index/package_run_dependencies/ur5_moveit_config
[0.558s] -- Installing: /home/nithish/ROS/mujoco_robot_ws/install/ur5_moveit_config/share/ament_index/resource_index/parent_prefix_path/ur5_moveit_config
[0.558s] -- Installing: /home/nithish/ROS/mujoco_robot_ws/install/ur5_moveit_config/share/ur5_moveit_config/environment/ament_prefix_path.sh
[0.558s] -- Installing: /home/nithish/ROS/mujoco_robot_ws/install/ur5_moveit_config/share/ur5_moveit_config/environment/ament_prefix_path.dsv
[0.558s] -- Installing: /home/nithish/ROS/mujoco_robot_ws/install/ur5_moveit_config/share/ur5_moveit_config/environment/path.sh
[0.558s] -- Installing: /home/nithish/ROS/mujoco_robot_ws/install/ur5_moveit_config/share/ur5_moveit_config/environment/path.dsv
[0.558s] -- Installing: /home/nithish/ROS/mujoco_robot_ws/install/ur5_moveit_config/share/ur5_moveit_config/local_setup.bash
[0.558s] -- Installing: /home/nithish/ROS/mujoco_robot_ws/install/ur5_moveit_config/share/ur5_moveit_config/local_setup.sh
[0.558s] -- Installing: /home/nithish/ROS/mujoco_robot_ws/install/ur5_moveit_config/share/ur5_moveit_config/local_setup.zsh
[0.559s] -- Installing: /home/nithish/ROS/mujoco_robot_ws/install/ur5_moveit_config/share/ur5_moveit_config/local_setup.dsv
[0.559s] -- Installing: /home/nithish/ROS/mujoco_robot_ws/install/ur5_moveit_config/share/ur5_moveit_config/package.dsv
[0.559s] -- Installing: /home/nithish/ROS/mujoco_robot_ws/install/ur5_moveit_config/share/ament_index/resource_index/packages/ur5_moveit_config
[0.559s] -- Installing: /home/nithish/ROS/mujoco_robot_ws/install/ur5_moveit_config/share/ur5_moveit_config/cmake/ur5_moveit_configConfig.cmake
[0.559s] -- Installing: /home/nithish/ROS/mujoco_robot_ws/install/ur5_moveit_config/share/ur5_moveit_config/cmake/ur5_moveit_configConfig-version.cmake
[0.559s] -- Installing: /home/nithish/ROS/mujoco_robot_ws/install/ur5_moveit_config/share/ur5_moveit_config/package.xml
[0.559s] -- Installing: /home/nithish/ROS/mujoco_robot_ws/install/ur5_moveit_config/share/ur5_moveit_config/launch
[0.559s] -- Installing: /home/nithish/ROS/mujoco_robot_ws/install/ur5_moveit_config/share/ur5_moveit_config/launch/setup_assistant.launch.py
[0.559s] -- Installing: /home/nithish/ROS/mujoco_robot_ws/install/ur5_moveit_config/share/ur5_moveit_config/launch/demo.launch.py
[0.559s] -- Installing: /home/nithish/ROS/mujoco_robot_ws/install/ur5_moveit_config/share/ur5_moveit_config/launch/static_virtual_joint_tfs.launch.py
[0.559s] -- Installing: /home/nithish/ROS/mujoco_robot_ws/install/ur5_moveit_config/share/ur5_moveit_config/launch/sim.control.launch.py
[0.559s] -- Installing: /home/nithish/ROS/mujoco_robot_ws/install/ur5_moveit_config/share/ur5_moveit_config/launch/move_group.launch.py
[0.559s] -- Installing: /home/nithish/ROS/mujoco_robot_ws/install/ur5_moveit_config/share/ur5_moveit_config/launch/spawn_controllers.launch.py
[0.559s] -- Installing: /home/nithish/ROS/mujoco_robot_ws/install/ur5_moveit_config/share/ur5_moveit_config/launch/rsp.launch.py
[0.559s] -- Installing: /home/nithish/ROS/mujoco_robot_ws/install/ur5_moveit_config/share/ur5_moveit_config/launch/warehouse_db.launch.py
[0.559s] -- Installing: /home/nithish/ROS/mujoco_robot_ws/install/ur5_moveit_config/share/ur5_moveit_config/launch/moveit_rviz.launch.py
[0.559s] -- Installing: /home/nithish/ROS/mujoco_robot_ws/install/ur5_moveit_config/share/ur5_moveit_config/config
[0.560s] -- Installing: /home/nithish/ROS/mujoco_robot_ws/install/ur5_moveit_config/share/ur5_moveit_config/config/moveit_controllers.yaml
[0.560s] -- Installing: /home/nithish/ROS/mujoco_robot_ws/install/ur5_moveit_config/share/ur5_moveit_config/config/ur5_robot.ros2_control.xacro
[0.560s] -- Installing: /home/nithish/ROS/mujoco_robot_ws/install/ur5_moveit_config/share/ur5_moveit_config/config/moveit.rviz
[0.560s] -- Installing: /home/nithish/ROS/mujoco_robot_ws/install/ur5_moveit_config/share/ur5_moveit_config/config/mujoco_ros2_control_plugins.yaml
[0.560s] -- Installing: /home/nithish/ROS/mujoco_robot_ws/install/ur5_moveit_config/share/ur5_moveit_config/config/ros2_controllers.yaml
[0.560s] -- Installing: /home/nithish/ROS/mujoco_robot_ws/install/ur5_moveit_config/share/ur5_moveit_config/config/joint_limits.yaml
[0.560s] -- Installing: /home/nithish/ROS/mujoco_robot_ws/install/ur5_moveit_config/share/ur5_moveit_config/config/kinematics.yaml
[0.560s] -- Installing: /home/nithish/ROS/mujoco_robot_ws/install/ur5_moveit_config/share/ur5_moveit_config/config/initial_positions.yaml
[0.560s] -- Installing: /home/nithish/ROS/mujoco_robot_ws/install/ur5_moveit_config/share/ur5_moveit_config/config/pilz_cartesian_limits.yaml
[0.560s] -- Installing: /home/nithish/ROS/mujoco_robot_ws/install/ur5_moveit_config/share/ur5_moveit_config/config/ur5_robot.srdf
[0.560s] -- Installing: /home/nithish/ROS/mujoco_robot_ws/install/ur5_moveit_config/share/ur5_moveit_config/config/ur5_robot.urdf.xacro
[0.560s] -- Installing: /home/nithish/ROS/mujoco_robot_ws/install/ur5_moveit_config/share/ur5_moveit_config/.setup_assistant
[0.561s] Invoked command in '/home/nithish/ROS/mujoco_robot_ws/build/ur5_moveit_config' returned '0': CMAKE_PREFIX_PATH=${CMAKE_PREFIX_PATH}:/opt/ros/jazzy DEBUGINFOD_URLS=https://debuginfod.ubuntu.com /usr/bin/cmake --install /home/nithish/ROS/mujoco_robot_ws/build/ur5_moveit_config
