[0.014s] Invoking command in '/home/nithish/ROS/mujoco_robot_ws/build/robot_description': CMAKE_PREFIX_PATH=${CMAKE_PREFIX_PATH}:/opt/ros/jazzy DEBUGINFOD_URLS=https://debuginfod.ubuntu.com /usr/bin/cmake --build /home/nithish/ROS/mujoco_robot_ws/build/robot_description -- -j8 -l8
[0.046s] Invoked command in '/home/nithish/ROS/mujoco_robot_ws/build/robot_description' returned '0': CMAKE_PREFIX_PATH=${CMAKE_PREFIX_PATH}:/opt/ros/jazzy DEBUGINFOD_URLS=https://debuginfod.ubuntu.com /usr/bin/cmake --build /home/nithish/ROS/mujoco_robot_ws/build/robot_description -- -j8 -l8
[0.054s] Invoking command in '/home/nithish/ROS/mujoco_robot_ws/build/robot_description': CMAKE_PREFIX_PATH=${CMAKE_PREFIX_PATH}:/opt/ros/jazzy DEBUGINFOD_URLS=https://debuginfod.ubuntu.com /usr/bin/cmake --install /home/nithish/ROS/mujoco_robot_ws/build/robot_description
[0.061s] -- Install configuration: ""
[0.061s] -- Up-to-date: /home/nithish/ROS/mujoco_robot_ws/install/robot_description/share/robot_description/config
[0.061s] -- Up-to-date: /home/nithish/ROS/mujoco_robot_ws/install/robot_description/share/robot_description/config/view_config.rviz
[0.061s] -- Up-to-date: /home/nithish/ROS/mujoco_robot_ws/install/robot_description/share/robot_description/launch
[0.061s] -- Up-to-date: /home/nithish/ROS/mujoco_robot_ws/install/robot_description/share/robot_description/launch/rviz.launch.py
[0.061s] -- Up-to-date: /home/nithish/ROS/mujoco_robot_ws/install/robot_description/share/robot_description/meshes
[0.061s] -- Up-to-date: /home/nithish/ROS/mujoco_robot_ws/install/robot_description/share/robot_description/meshes/visual
[0.061s] -- Up-to-date: /home/nithish/ROS/mujoco_robot_ws/install/robot_description/share/robot_description/meshes/visual/shoulder_visual.stl
[0.061s] -- Up-to-date: /home/nithish/ROS/mujoco_robot_ws/install/robot_description/share/robot_description/meshes/visual/robotiq_arg2f_coupling_visual.stl
[0.061s] -- Up-to-date: /home/nithish/ROS/mujoco_robot_ws/install/robot_description/share/robot_description/meshes/visual/robotiq_85_knuckle_link.dae
[0.061s] -- Up-to-date: /home/nithish/ROS/mujoco_robot_ws/install/robot_description/share/robot_description/meshes/visual/SuctionCup.stl
[0.062s] -- Up-to-date: /home/nithish/ROS/mujoco_robot_ws/install/robot_description/share/robot_description/meshes/visual/forearm_visual.stl
[0.062s] -- Up-to-date: /home/nithish/ROS/mujoco_robot_ws/install/robot_description/share/robot_description/meshes/visual/upperarm.dae
[0.062s] -- Up-to-date: /home/nithish/ROS/mujoco_robot_ws/install/robot_description/share/robot_description/meshes/visual/robotiq_arg2f_140_inner_finger_visual.stl
[0.062s] -- Up-to-date: /home/nithish/ROS/mujoco_robot_ws/install/robot_description/share/robot_description/meshes/visual/robotiq_85_finger_tip_link.dae
[0.062s] -- Up-to-date: /home/nithish/ROS/mujoco_robot_ws/install/robot_description/share/robot_description/meshes/visual/wrist1.dae
[0.062s] -- Up-to-date: /home/nithish/ROS/mujoco_robot_ws/install/robot_description/share/robot_description/meshes/visual/wrist3_visual.stl
[0.062s] -- Up-to-date: /home/nithish/ROS/mujoco_robot_ws/install/robot_description/share/robot_description/meshes/visual/wrist2_visual.stl
[0.062s] -- Up-to-date: /home/nithish/ROS/mujoco_robot_ws/install/robot_description/share/robot_description/meshes/visual/robotiq_85_base_link.dae
[0.062s] -- Up-to-date: /home/nithish/ROS/mujoco_robot_ws/install/robot_description/share/robot_description/meshes/visual/robotiq_arg2f_140_outer_knuckle_visual.stl
[0.062s] -- Up-to-date: /home/nithish/ROS/mujoco_robot_ws/install/robot_description/share/robot_description/meshes/visual/forearm.dae
[0.062s] -- Up-to-date: /home/nithish/ROS/mujoco_robot_ws/install/robot_description/share/robot_description/meshes/visual/wrist3.dae
[0.062s] -- Up-to-date: /home/nithish/ROS/mujoco_robot_ws/install/robot_description/share/robot_description/meshes/visual/robotiq_85_finger_link.dae
[0.062s] -- Up-to-date: /home/nithish/ROS/mujoco_robot_ws/install/robot_description/share/robot_description/meshes/visual/base.dae
[0.062s] -- Up-to-date: /home/nithish/ROS/mujoco_robot_ws/install/robot_description/share/robot_description/meshes/visual/robotiq_arg2f_140_inner_knuckle_visual.stl
[0.062s] -- Up-to-date: /home/nithish/ROS/mujoco_robot_ws/install/robot_description/share/robot_description/meshes/visual/robotiq_arg2f_140_outer_finger_visual.stl
[0.063s] -- Up-to-date: /home/nithish/ROS/mujoco_robot_ws/install/robot_description/share/robot_description/meshes/visual/upperarm_visual.stl
[0.063s] -- Up-to-date: /home/nithish/ROS/mujoco_robot_ws/install/robot_description/share/robot_description/meshes/visual/base_visual.stl
[0.063s] -- Up-to-date: /home/nithish/ROS/mujoco_robot_ws/install/robot_description/share/robot_description/meshes/visual/wrist2.dae
[0.063s] -- Up-to-date: /home/nithish/ROS/mujoco_robot_ws/install/robot_description/share/robot_description/meshes/visual/shoulder.dae
[0.063s] -- Up-to-date: /home/nithish/ROS/mujoco_robot_ws/install/robot_description/share/robot_description/meshes/visual/robotiq_arg2f_base_link_visual.stl
[0.063s] -- Up-to-date: /home/nithish/ROS/mujoco_robot_ws/install/robot_description/share/robot_description/meshes/visual/robotiq_85_inner_knuckle_link.dae
[0.063s] -- Up-to-date: /home/nithish/ROS/mujoco_robot_ws/install/robot_description/share/robot_description/meshes/visual/wrist1_visual.stl
[0.063s] -- Up-to-date: /home/nithish/ROS/mujoco_robot_ws/install/robot_description/share/robot_description/meshes/collision
[0.063s] -- Up-to-date: /home/nithish/ROS/mujoco_robot_ws/install/robot_description/share/robot_description/meshes/collision/SuctionCup.stl
[0.063s] -- Up-to-date: /home/nithish/ROS/mujoco_robot_ws/install/robot_description/share/robot_description/meshes/collision/robotiq_85_knuckle_link.stl
[0.063s] -- Up-to-date: /home/nithish/ROS/mujoco_robot_ws/install/robot_description/share/robot_description/meshes/collision/robotiq_85_finger_link.stl
[0.063s] -- Up-to-date: /home/nithish/ROS/mujoco_robot_ws/install/robot_description/share/robot_description/meshes/collision/upperarm.stl
[0.063s] -- Up-to-date: /home/nithish/ROS/mujoco_robot_ws/install/robot_description/share/robot_description/meshes/collision/wrist3.stl
[0.064s] -- Up-to-date: /home/nithish/ROS/mujoco_robot_ws/install/robot_description/share/robot_description/meshes/collision/robotiq_85_inner_knuckle_link.stl
[0.064s] -- Up-to-date: /home/nithish/ROS/mujoco_robot_ws/install/robot_description/share/robot_description/meshes/collision/robotiq_arg2f_140_inner_knuckle.stl
[0.064s] -- Up-to-date: /home/nithish/ROS/mujoco_robot_ws/install/robot_description/share/robot_description/meshes/collision/wrist2.stl
[0.064s] -- Up-to-date: /home/nithish/ROS/mujoco_robot_ws/install/robot_description/share/robot_description/meshes/collision/shoulder.stl
[0.064s] -- Up-to-date: /home/nithish/ROS/mujoco_robot_ws/install/robot_description/share/robot_description/meshes/collision/robotiq_arg2f_140_outer_knuckle.stl
[0.064s] -- Up-to-date: /home/nithish/ROS/mujoco_robot_ws/install/robot_description/share/robot_description/meshes/collision/robotiq_arg2f_140_outer_finger.stl
[0.064s] -- Up-to-date: /home/nithish/ROS/mujoco_robot_ws/install/robot_description/share/robot_description/meshes/collision/base.stl
[0.064s] -- Up-to-date: /home/nithish/ROS/mujoco_robot_ws/install/robot_description/share/robot_description/meshes/collision/robotiq_85_finger_tip_link.stl
[0.064s] -- Up-to-date: /home/nithish/ROS/mujoco_robot_ws/install/robot_description/share/robot_description/meshes/collision/robotiq_85_base_link.stl
[0.064s] -- Up-to-date: /home/nithish/ROS/mujoco_robot_ws/install/robot_description/share/robot_description/meshes/collision/wrist1.stl
[0.064s] -- Up-to-date: /home/nithish/ROS/mujoco_robot_ws/install/robot_description/share/robot_description/meshes/collision/robotiq_arg2f_coupling.stl
[0.064s] -- Up-to-date: /home/nithish/ROS/mujoco_robot_ws/install/robot_description/share/robot_description/meshes/collision/forearm.stl
[0.064s] -- Up-to-date: /home/nithish/ROS/mujoco_robot_ws/install/robot_description/share/robot_description/meshes/collision/robotiq_arg2f_base_link.stl
[0.064s] -- Up-to-date: /home/nithish/ROS/mujoco_robot_ws/install/robot_description/share/robot_description/meshes/collision/robotiq_arg2f_140_inner_finger.stl
[0.065s] -- Up-to-date: /home/nithish/ROS/mujoco_robot_ws/install/robot_description/share/robot_description/urdf
[0.065s] -- Up-to-date: /home/nithish/ROS/mujoco_robot_ws/install/robot_description/share/robot_description/urdf/ur5.urdf.xacro
[0.065s] -- Up-to-date: /home/nithish/ROS/mujoco_robot_ws/install/robot_description/share/robot_description/urdf/ur5.mujoco.xml
[0.065s] -- Installing: /home/nithish/ROS/mujoco_robot_ws/install/robot_description/share/robot_description/urdf/ur5.urdf
[0.065s] -- Up-to-date: /home/nithish/ROS/mujoco_robot_ws/install/robot_description/share/ament_index/resource_index/package_run_dependencies/robot_description
[0.065s] -- Up-to-date: /home/nithish/ROS/mujoco_robot_ws/install/robot_description/share/ament_index/resource_index/parent_prefix_path/robot_description
[0.065s] -- Up-to-date: /home/nithish/ROS/mujoco_robot_ws/install/robot_description/share/robot_description/environment/ament_prefix_path.sh
[0.065s] -- Up-to-date: /home/nithish/ROS/mujoco_robot_ws/install/robot_description/share/robot_description/environment/ament_prefix_path.dsv
[0.065s] -- Up-to-date: /home/nithish/ROS/mujoco_robot_ws/install/robot_description/share/robot_description/environment/path.sh
[0.065s] -- Up-to-date: /home/nithish/ROS/mujoco_robot_ws/install/robot_description/share/robot_description/environment/path.dsv
[0.065s] -- Up-to-date: /home/nithish/ROS/mujoco_robot_ws/install/robot_description/share/robot_description/local_setup.bash
[0.065s] -- Up-to-date: /home/nithish/ROS/mujoco_robot_ws/install/robot_description/share/robot_description/local_setup.sh
[0.065s] -- Up-to-date: /home/nithish/ROS/mujoco_robot_ws/install/robot_description/share/robot_description/local_setup.zsh
[0.066s] -- Up-to-date: /home/nithish/ROS/mujoco_robot_ws/install/robot_description/share/robot_description/local_setup.dsv
[0.066s] -- Up-to-date: /home/nithish/ROS/mujoco_robot_ws/install/robot_description/share/robot_description/package.dsv
[0.066s] -- Up-to-date: /home/nithish/ROS/mujoco_robot_ws/install/robot_description/share/ament_index/resource_index/packages/robot_description
[0.066s] -- Up-to-date: /home/nithish/ROS/mujoco_robot_ws/install/robot_description/share/robot_description/cmake/robot_descriptionConfig.cmake
[0.066s] -- Up-to-date: /home/nithish/ROS/mujoco_robot_ws/install/robot_description/share/robot_description/cmake/robot_descriptionConfig-version.cmake
[0.066s] -- Up-to-date: /home/nithish/ROS/mujoco_robot_ws/install/robot_description/share/robot_description/package.xml
[0.067s] Invoked command in '/home/nithish/ROS/mujoco_robot_ws/build/robot_description' returned '0': CMAKE_PREFIX_PATH=${CMAKE_PREFIX_PATH}:/opt/ros/jazzy DEBUGINFOD_URLS=https://debuginfod.ubuntu.com /usr/bin/cmake --install /home/nithish/ROS/mujoco_robot_ws/build/robot_description
