[0.006s] Invoking command in '/home/nithish/ROS/mujoco_robot_ws/build/ur5_moveit_config': CMAKE_PREFIX_PATH=/home/nithish/ROS/mujoco_robot_ws/install/robot_description:/home/nithish/ROS/mujoco_robot_ws/install/ur5_moveit_config:/home/nithish/ROS/ros2_pluggin/install/attach_interfaces:/opt/ros/jazzy/opt/gz_sim_vendor:/opt/ros/jazzy/opt/gz_sensors_vendor:/opt/ros/jazzy/opt/gz_physics_vendor:/opt/ros/jazzy/opt/sdformat_vendor:/opt/ros/jazzy/opt/mujoco_vendor:/opt/ros/jazzy/opt/gz_gui_vendor:/opt/ros/jazzy/opt/gz_transport_vendor:/opt/ros/jazzy/opt/gz_rendering_vendor:/opt/ros/jazzy/opt/gz_plugin_vendor:/opt/ros/jazzy/opt/gz_fuel_tools_vendor:/opt/ros/jazzy/opt/gz_msgs_vendor:/opt/ros/jazzy/opt/gz_common_vendor:/opt/ros/jazzy/opt/gz_math_vendor:/opt/ros/jazzy/opt/gz_utils_vendor:/opt/ros/jazzy/opt/gz_tools_vendor:/opt/ros/jazzy/opt/gz_ogre_next_vendor:/opt/ros/jazzy/opt/gz_dartsim_vendor:/opt/ros/jazzy/opt/gz_cmake_vendor:/opt/ros/jazzy DEBUGINFOD_URLS=https://debuginfod.ubuntu.com /usr/bin/cmake --build /home/nithish/ROS/mujoco_robot_ws/build/ur5_moveit_config -- -j8 -l8
[0.035s] Invoked command in '/home/nithish/ROS/mujoco_robot_ws/build/ur5_moveit_config' returned '0': CMAKE_PREFIX_PATH=/home/nithish/ROS/mujoco_robot_ws/install/robot_description:/home/nithish/ROS/mujoco_robot_ws/install/ur5_moveit_config:/home/nithish/ROS/ros2_pluggin/install/attach_interfaces:/opt/ros/jazzy/opt/gz_sim_vendor:/opt/ros/jazzy/opt/gz_sensors_vendor:/opt/ros/jazzy/opt/gz_physics_vendor:/opt/ros/jazzy/opt/sdformat_vendor:/opt/ros/jazzy/opt/mujoco_vendor:/opt/ros/jazzy/opt/gz_gui_vendor:/opt/ros/jazzy/opt/gz_transport_vendor:/opt/ros/jazzy/opt/gz_rendering_vendor:/opt/ros/jazzy/opt/gz_plugin_vendor:/opt/ros/jazzy/opt/gz_fuel_tools_vendor:/opt/ros/jazzy/opt/gz_msgs_vendor:/opt/ros/jazzy/opt/gz_common_vendor:/opt/ros/jazzy/opt/gz_math_vendor:/opt/ros/jazzy/opt/gz_utils_vendor:/opt/ros/jazzy/opt/gz_tools_vendor:/opt/ros/jazzy/opt/gz_ogre_next_vendor:/opt/ros/jazzy/opt/gz_dartsim_vendor:/opt/ros/jazzy/opt/gz_cmake_vendor:/opt/ros/jazzy DEBUGINFOD_URLS=https://debuginfod.ubuntu.com /usr/bin/cmake --build /home/nithish/ROS/mujoco_robot_ws/build/ur5_moveit_config -- -j8 -l8
[0.036s] Invoking command in '/home/nithish/ROS/mujoco_robot_ws/build/ur5_moveit_config': CMAKE_PREFIX_PATH=/home/nithish/ROS/mujoco_robot_ws/install/robot_description:/home/nithish/ROS/mujoco_robot_ws/install/ur5_moveit_config:/home/nithish/ROS/ros2_pluggin/install/attach_interfaces:/opt/ros/jazzy/opt/gz_sim_vendor:/opt/ros/jazzy/opt/gz_sensors_vendor:/opt/ros/jazzy/opt/gz_physics_vendor:/opt/ros/jazzy/opt/sdformat_vendor:/opt/ros/jazzy/opt/mujoco_vendor:/opt/ros/jazzy/opt/gz_gui_vendor:/opt/ros/jazzy/opt/gz_transport_vendor:/opt/ros/jazzy/opt/gz_rendering_vendor:/opt/ros/jazzy/opt/gz_plugin_vendor:/opt/ros/jazzy/opt/gz_fuel_tools_vendor:/opt/ros/jazzy/opt/gz_msgs_vendor:/opt/ros/jazzy/opt/gz_common_vendor:/opt/ros/jazzy/opt/gz_math_vendor:/opt/ros/jazzy/opt/gz_utils_vendor:/opt/ros/jazzy/opt/gz_tools_vendor:/opt/ros/jazzy/opt/gz_ogre_next_vendor:/opt/ros/jazzy/opt/gz_dartsim_vendor:/opt/ros/jazzy/opt/gz_cmake_vendor:/opt/ros/jazzy DEBUGINFOD_URLS=https://debuginfod.ubuntu.com /usr/bin/cmake --install /home/nithish/ROS/mujoco_robot_ws/build/ur5_moveit_config
[0.043s] -- Install configuration: ""
[0.043s] -- Up-to-date: /home/nithish/ROS/mujoco_robot_ws/install/ur5_moveit_config/share/ament_index/resource_index/package_run_dependencies/ur5_moveit_config
[0.043s] -- Up-to-date: /home/nithish/ROS/mujoco_robot_ws/install/ur5_moveit_config/share/ament_index/resource_index/parent_prefix_path/ur5_moveit_config
[0.043s] -- Up-to-date: /home/nithish/ROS/mujoco_robot_ws/install/ur5_moveit_config/share/ur5_moveit_config/environment/ament_prefix_path.sh
[0.043s] -- Up-to-date: /home/nithish/ROS/mujoco_robot_ws/install/ur5_moveit_config/share/ur5_moveit_config/environment/ament_prefix_path.dsv
[0.043s] -- Up-to-date: /home/nithish/ROS/mujoco_robot_ws/install/ur5_moveit_config/share/ur5_moveit_config/environment/path.sh
[0.043s] -- Up-to-date: /home/nithish/ROS/mujoco_robot_ws/install/ur5_moveit_config/share/ur5_moveit_config/environment/path.dsv
[0.043s] -- Up-to-date: /home/nithish/ROS/mujoco_robot_ws/install/ur5_moveit_config/share/ur5_moveit_config/local_setup.bash
[0.044s] -- Up-to-date: /home/nithish/ROS/mujoco_robot_ws/install/ur5_moveit_config/share/ur5_moveit_config/local_setup.sh
[0.044s] -- Up-to-date: /home/nithish/ROS/mujoco_robot_ws/install/ur5_moveit_config/share/ur5_moveit_config/local_setup.zsh
[0.044s] -- Up-to-date: /home/nithish/ROS/mujoco_robot_ws/install/ur5_moveit_config/share/ur5_moveit_config/local_setup.dsv
[0.044s] -- Up-to-date: /home/nithish/ROS/mujoco_robot_ws/install/ur5_moveit_config/share/ur5_moveit_config/package.dsv
[0.044s] -- Up-to-date: /home/nithish/ROS/mujoco_robot_ws/install/ur5_moveit_config/share/ament_index/resource_index/packages/ur5_moveit_config
[0.044s] -- Up-to-date: /home/nithish/ROS/mujoco_robot_ws/install/ur5_moveit_config/share/ur5_moveit_config/cmake/ur5_moveit_configConfig.cmake
[0.044s] -- Up-to-date: /home/nithish/ROS/mujoco_robot_ws/install/ur5_moveit_config/share/ur5_moveit_config/cmake/ur5_moveit_configConfig-version.cmake
[0.044s] -- Up-to-date: /home/nithish/ROS/mujoco_robot_ws/install/ur5_moveit_config/share/ur5_moveit_config/package.xml
[0.044s] -- Up-to-date: /home/nithish/ROS/mujoco_robot_ws/install/ur5_moveit_config/share/ur5_moveit_config/launch
[0.044s] -- Up-to-date: /home/nithish/ROS/mujoco_robot_ws/install/ur5_moveit_config/share/ur5_moveit_config/launch/setup_assistant.launch.py
[0.044s] -- Up-to-date: /home/nithish/ROS/mujoco_robot_ws/install/ur5_moveit_config/share/ur5_moveit_config/launch/demo.launch.py
[0.044s] -- Up-to-date: /home/nithish/ROS/mujoco_robot_ws/install/ur5_moveit_config/share/ur5_moveit_config/launch/static_virtual_joint_tfs.launch.py
[0.044s] -- Installing: /home/nithish/ROS/mujoco_robot_ws/install/ur5_moveit_config/share/ur5_moveit_config/launch/sim.control.launch.py
[0.044s] -- Up-to-date: /home/nithish/ROS/mujoco_robot_ws/install/ur5_moveit_config/share/ur5_moveit_config/launch/move_group.launch.py
[0.044s] -- Up-to-date: /home/nithish/ROS/mujoco_robot_ws/install/ur5_moveit_config/share/ur5_moveit_config/launch/spawn_controllers.launch.py
[0.044s] -- Up-to-date: /home/nithish/ROS/mujoco_robot_ws/install/ur5_moveit_config/share/ur5_moveit_config/launch/rsp.launch.py
[0.045s] -- Up-to-date: /home/nithish/ROS/mujoco_robot_ws/install/ur5_moveit_config/share/ur5_moveit_config/launch/warehouse_db.launch.py
[0.045s] -- Up-to-date: /home/nithish/ROS/mujoco_robot_ws/install/ur5_moveit_config/share/ur5_moveit_config/launch/moveit_rviz.launch.py
[0.045s] -- Up-to-date: /home/nithish/ROS/mujoco_robot_ws/install/ur5_moveit_config/share/ur5_moveit_config/config
[0.045s] -- Up-to-date: /home/nithish/ROS/mujoco_robot_ws/install/ur5_moveit_config/share/ur5_moveit_config/config/moveit_controllers.yaml
[0.045s] -- Up-to-date: /home/nithish/ROS/mujoco_robot_ws/install/ur5_moveit_config/share/ur5_moveit_config/config/ur5_robot.ros2_control.xacro
[0.045s] -- Up-to-date: /home/nithish/ROS/mujoco_robot_ws/install/ur5_moveit_config/share/ur5_moveit_config/config/moveit.rviz
[0.045s] -- Up-to-date: /home/nithish/ROS/mujoco_robot_ws/install/ur5_moveit_config/share/ur5_moveit_config/config/mujoco_ros2_control_plugins.yaml
[0.045s] -- Up-to-date: /home/nithish/ROS/mujoco_robot_ws/install/ur5_moveit_config/share/ur5_moveit_config/config/ros2_controllers.yaml
[0.045s] -- Up-to-date: /home/nithish/ROS/mujoco_robot_ws/install/ur5_moveit_config/share/ur5_moveit_config/config/joint_limits.yaml
[0.045s] -- Up-to-date: /home/nithish/ROS/mujoco_robot_ws/install/ur5_moveit_config/share/ur5_moveit_config/config/kinematics.yaml
[0.045s] -- Up-to-date: /home/nithish/ROS/mujoco_robot_ws/install/ur5_moveit_config/share/ur5_moveit_config/config/initial_positions.yaml
[0.045s] -- Up-to-date: /home/nithish/ROS/mujoco_robot_ws/install/ur5_moveit_config/share/ur5_moveit_config/config/pilz_cartesian_limits.yaml
[0.045s] -- Up-to-date: /home/nithish/ROS/mujoco_robot_ws/install/ur5_moveit_config/share/ur5_moveit_config/config/ur5_robot.srdf
[0.045s] -- Up-to-date: /home/nithish/ROS/mujoco_robot_ws/install/ur5_moveit_config/share/ur5_moveit_config/config/ur5_robot.urdf.xacro
[0.045s] -- Up-to-date: /home/nithish/ROS/mujoco_robot_ws/install/ur5_moveit_config/share/ur5_moveit_config/.setup_assistant
[0.046s] Invoked command in '/home/nithish/ROS/mujoco_robot_ws/build/ur5_moveit_config' returned '0': CMAKE_PREFIX_PATH=/home/nithish/ROS/mujoco_robot_ws/install/robot_description:/home/nithish/ROS/mujoco_robot_ws/install/ur5_moveit_config:/home/nithish/ROS/ros2_pluggin/install/attach_interfaces:/opt/ros/jazzy/opt/gz_sim_vendor:/opt/ros/jazzy/opt/gz_sensors_vendor:/opt/ros/jazzy/opt/gz_physics_vendor:/opt/ros/jazzy/opt/sdformat_vendor:/opt/ros/jazzy/opt/mujoco_vendor:/opt/ros/jazzy/opt/gz_gui_vendor:/opt/ros/jazzy/opt/gz_transport_vendor:/opt/ros/jazzy/opt/gz_rendering_vendor:/opt/ros/jazzy/opt/gz_plugin_vendor:/opt/ros/jazzy/opt/gz_fuel_tools_vendor:/opt/ros/jazzy/opt/gz_msgs_vendor:/opt/ros/jazzy/opt/gz_common_vendor:/opt/ros/jazzy/opt/gz_math_vendor:/opt/ros/jazzy/opt/gz_utils_vendor:/opt/ros/jazzy/opt/gz_tools_vendor:/opt/ros/jazzy/opt/gz_ogre_next_vendor:/opt/ros/jazzy/opt/gz_dartsim_vendor:/opt/ros/jazzy/opt/gz_cmake_vendor:/opt/ros/jazzy DEBUGINFOD_URLS=https://debuginfod.ubuntu.com /usr/bin/cmake --install /home/nithish/ROS/mujoco_robot_ws/build/ur5_moveit_config
