-- Found ament_cmake: 2.5.5 (/opt/ros/jazzy/share/ament_cmake/cmake)
-- Found urdf: 2.10.0 (/opt/ros/jazzy/share/urdf/cmake)
-- Found TinyXML2 via Config file: /usr/lib/x86_64-linux-gnu/cmake/tinyxml2
-- Found xacro: 2.1.1 (/opt/ros/jazzy/share/xacro/cmake)
-- Found ament_lint_auto: 0.17.4 (/opt/ros/jazzy/share/ament_lint_auto/cmake)
-- Added test 'flake8' to check Python code syntax and style conventions
-- Configured 'flake8' exclude dirs and/or files: 
-- Added test 'lint_cmake' to check CMake code style
-- Added test 'pep257' to check Python code against some of the docstring style conventions in PEP 257
-- Added test 'xmllint' to check XML markup files
-- Configuring done (0.2s)
-- Generating done (0.0s)
-- Build files have been written to: /home/nithish/ROS/mujoco_robot_ws/build/robot_description
-- Install configuration: ""
-- Up-to-date: /home/nithish/ROS/mujoco_robot_ws/install/robot_description/share/robot_description/config
-- Up-to-date: /home/nithish/ROS/mujoco_robot_ws/install/robot_description/share/robot_description/config/view_config.rviz
-- Up-to-date: /home/nithish/ROS/mujoco_robot_ws/install/robot_description/share/robot_description/launch
-- Up-to-date: /home/nithish/ROS/mujoco_robot_ws/install/robot_description/share/robot_description/launch/rviz.launch.py
-- Up-to-date: /home/nithish/ROS/mujoco_robot_ws/install/robot_description/share/robot_description/meshes
-- Up-to-date: /home/nithish/ROS/mujoco_robot_ws/install/robot_description/share/robot_description/meshes/visual
-- Up-to-date: /home/nithish/ROS/mujoco_robot_ws/install/robot_description/share/robot_description/meshes/visual/shoulder_visual.stl
-- Up-to-date: /home/nithish/ROS/mujoco_robot_ws/install/robot_description/share/robot_description/meshes/visual/robotiq_arg2f_coupling_visual.stl
-- Up-to-date: /home/nithish/ROS/mujoco_robot_ws/install/robot_description/share/robot_description/meshes/visual/robotiq_85_knuckle_link.dae
-- Up-to-date: /home/nithish/ROS/mujoco_robot_ws/install/robot_description/share/robot_description/meshes/visual/SuctionCup.stl
-- Up-to-date: /home/nithish/ROS/mujoco_robot_ws/install/robot_description/share/robot_description/meshes/visual/forearm_visual.stl
-- Up-to-date: /home/nithish/ROS/mujoco_robot_ws/install/robot_description/share/robot_description/meshes/visual/upperarm.dae
-- Up-to-date: /home/nithish/ROS/mujoco_robot_ws/install/robot_description/share/robot_description/meshes/visual/robotiq_arg2f_140_inner_finger_visual.stl
-- Up-to-date: /home/nithish/ROS/mujoco_robot_ws/install/robot_description/share/robot_description/meshes/visual/robotiq_85_finger_tip_link.dae
-- Up-to-date: /home/nithish/ROS/mujoco_robot_ws/install/robot_description/share/robot_description/meshes/visual/wrist1.dae
-- Up-to-date: /home/nithish/ROS/mujoco_robot_ws/install/robot_description/share/robot_description/meshes/visual/wrist3_visual.stl
-- Up-to-date: /home/nithish/ROS/mujoco_robot_ws/install/robot_description/share/robot_description/meshes/visual/wrist2_visual.stl
-- Up-to-date: /home/nithish/ROS/mujoco_robot_ws/install/robot_description/share/robot_description/meshes/visual/robotiq_85_base_link.dae
-- Up-to-date: /home/nithish/ROS/mujoco_robot_ws/install/robot_description/share/robot_description/meshes/visual/robotiq_arg2f_140_outer_knuckle_visual.stl
-- Up-to-date: /home/nithish/ROS/mujoco_robot_ws/install/robot_description/share/robot_description/meshes/visual/forearm.dae
-- Up-to-date: /home/nithish/ROS/mujoco_robot_ws/install/robot_description/share/robot_description/meshes/visual/wrist3.dae
-- Up-to-date: /home/nithish/ROS/mujoco_robot_ws/install/robot_description/share/robot_description/meshes/visual/robotiq_85_finger_link.dae
-- Up-to-date: /home/nithish/ROS/mujoco_robot_ws/install/robot_description/share/robot_description/meshes/visual/base.dae
-- Up-to-date: /home/nithish/ROS/mujoco_robot_ws/install/robot_description/share/robot_description/meshes/visual/robotiq_arg2f_140_inner_knuckle_visual.stl
-- Up-to-date: /home/nithish/ROS/mujoco_robot_ws/install/robot_description/share/robot_description/meshes/visual/robotiq_arg2f_140_outer_finger_visual.stl
-- Up-to-date: /home/nithish/ROS/mujoco_robot_ws/install/robot_description/share/robot_description/meshes/visual/upperarm_visual.stl
-- Up-to-date: /home/nithish/ROS/mujoco_robot_ws/install/robot_description/share/robot_description/meshes/visual/base_visual.stl
-- Up-to-date: /home/nithish/ROS/mujoco_robot_ws/install/robot_description/share/robot_description/meshes/visual/wrist2.dae
-- Up-to-date: /home/nithish/ROS/mujoco_robot_ws/install/robot_description/share/robot_description/meshes/visual/shoulder.dae
-- Up-to-date: /home/nithish/ROS/mujoco_robot_ws/install/robot_description/share/robot_description/meshes/visual/robotiq_arg2f_base_link_visual.stl
-- Up-to-date: /home/nithish/ROS/mujoco_robot_ws/install/robot_description/share/robot_description/meshes/visual/robotiq_85_inner_knuckle_link.dae
-- Up-to-date: /home/nithish/ROS/mujoco_robot_ws/install/robot_description/share/robot_description/meshes/visual/wrist1_visual.stl
-- Up-to-date: /home/nithish/ROS/mujoco_robot_ws/install/robot_description/share/robot_description/meshes/collision
-- Up-to-date: /home/nithish/ROS/mujoco_robot_ws/install/robot_description/share/robot_description/meshes/collision/SuctionCup.stl
-- Up-to-date: /home/nithish/ROS/mujoco_robot_ws/install/robot_description/share/robot_description/meshes/collision/robotiq_85_knuckle_link.stl
-- Up-to-date: /home/nithish/ROS/mujoco_robot_ws/install/robot_description/share/robot_description/meshes/collision/robotiq_85_finger_link.stl
-- Up-to-date: /home/nithish/ROS/mujoco_robot_ws/install/robot_description/share/robot_description/meshes/collision/upperarm.stl
-- Up-to-date: /home/nithish/ROS/mujoco_robot_ws/install/robot_description/share/robot_description/meshes/collision/wrist3.stl
-- Up-to-date: /home/nithish/ROS/mujoco_robot_ws/install/robot_description/share/robot_description/meshes/collision/robotiq_85_inner_knuckle_link.stl
-- Up-to-date: /home/nithish/ROS/mujoco_robot_ws/install/robot_description/share/robot_description/meshes/collision/robotiq_arg2f_140_inner_knuckle.stl
-- Up-to-date: /home/nithish/ROS/mujoco_robot_ws/install/robot_description/share/robot_description/meshes/collision/wrist2.stl
-- Up-to-date: /home/nithish/ROS/mujoco_robot_ws/install/robot_description/share/robot_description/meshes/collision/shoulder.stl
-- Up-to-date: /home/nithish/ROS/mujoco_robot_ws/install/robot_description/share/robot_description/meshes/collision/robotiq_arg2f_140_outer_knuckle.stl
-- Up-to-date: /home/nithish/ROS/mujoco_robot_ws/install/robot_description/share/robot_description/meshes/collision/robotiq_arg2f_140_outer_finger.stl
-- Up-to-date: /home/nithish/ROS/mujoco_robot_ws/install/robot_description/share/robot_description/meshes/collision/base.stl
-- Up-to-date: /home/nithish/ROS/mujoco_robot_ws/install/robot_description/share/robot_description/meshes/collision/robotiq_85_finger_tip_link.stl
-- Up-to-date: /home/nithish/ROS/mujoco_robot_ws/install/robot_description/share/robot_description/meshes/collision/robotiq_85_base_link.stl
-- Up-to-date: /home/nithish/ROS/mujoco_robot_ws/install/robot_description/share/robot_description/meshes/collision/wrist1.stl
-- Up-to-date: /home/nithish/ROS/mujoco_robot_ws/install/robot_description/share/robot_description/meshes/collision/robotiq_arg2f_coupling.stl
-- Up-to-date: /home/nithish/ROS/mujoco_robot_ws/install/robot_description/share/robot_description/meshes/collision/forearm.stl
-- Up-to-date: /home/nithish/ROS/mujoco_robot_ws/install/robot_description/share/robot_description/meshes/collision/robotiq_arg2f_base_link.stl
-- Up-to-date: /home/nithish/ROS/mujoco_robot_ws/install/robot_description/share/robot_description/meshes/collision/robotiq_arg2f_140_inner_finger.stl
-- Up-to-date: /home/nithish/ROS/mujoco_robot_ws/install/robot_description/share/robot_description/urdf
-- Up-to-date: /home/nithish/ROS/mujoco_robot_ws/install/robot_description/share/robot_description/urdf/ur5.urdf.xacro
-- Installing: /home/nithish/ROS/mujoco_robot_ws/install/robot_description/share/robot_description/urdf/ur5.mujoco.xml
-- Up-to-date: /home/nithish/ROS/mujoco_robot_ws/install/robot_description/share/robot_description/urdf/ur5.urdf
-- Installing: /home/nithish/ROS/mujoco_robot_ws/install/robot_description/share/robot_description/scenes
-- Installing: /home/nithish/ROS/mujoco_robot_ws/install/robot_description/share/robot_description/scenes/scene.xml
-- Up-to-date: /home/nithish/ROS/mujoco_robot_ws/install/robot_description/share/ament_index/resource_index/package_run_dependencies/robot_description
-- Installing: /home/nithish/ROS/mujoco_robot_ws/install/robot_description/share/ament_index/resource_index/parent_prefix_path/robot_description
-- Up-to-date: /home/nithish/ROS/mujoco_robot_ws/install/robot_description/share/robot_description/environment/ament_prefix_path.sh
-- Up-to-date: /home/nithish/ROS/mujoco_robot_ws/install/robot_description/share/robot_description/environment/ament_prefix_path.dsv
-- Up-to-date: /home/nithish/ROS/mujoco_robot_ws/install/robot_description/share/robot_description/environment/path.sh
-- Up-to-date: /home/nithish/ROS/mujoco_robot_ws/install/robot_description/share/robot_description/environment/path.dsv
-- Up-to-date: /home/nithish/ROS/mujoco_robot_ws/install/robot_description/share/robot_description/local_setup.bash
-- Up-to-date: /home/nithish/ROS/mujoco_robot_ws/install/robot_description/share/robot_description/local_setup.sh
-- Up-to-date: /home/nithish/ROS/mujoco_robot_ws/install/robot_description/share/robot_description/local_setup.zsh
-- Up-to-date: /home/nithish/ROS/mujoco_robot_ws/install/robot_description/share/robot_description/local_setup.dsv
-- Installing: /home/nithish/ROS/mujoco_robot_ws/install/robot_description/share/robot_description/package.dsv
-- Up-to-date: /home/nithish/ROS/mujoco_robot_ws/install/robot_description/share/ament_index/resource_index/packages/robot_description
-- Up-to-date: /home/nithish/ROS/mujoco_robot_ws/install/robot_description/share/robot_description/cmake/robot_descriptionConfig.cmake
-- Up-to-date: /home/nithish/ROS/mujoco_robot_ws/install/robot_description/share/robot_description/cmake/robot_descriptionConfig-version.cmake
-- Up-to-date: /home/nithish/ROS/mujoco_robot_ws/install/robot_description/share/robot_description/package.xml
